Arguments: 
  /mnt/oneTBstore/linecommander/.nvm/versions/node/v12.13.1/bin/node /mnt/oneTBstore/linecommander/.yarn/bin/yarn.js docs:dev

PATH: 
  /mnt/oneTBstore/linecommander/.rbenv/plugins/ruby-build/bin:/mnt/oneTBstore/linecommander/.rbenv/shims:/mnt/oneTBstore/linecommander/.rbenv/bin:/mnt/oneTBstore/linecommander/.nvm/versions/node/v12.13.1/bin:/mnt/oneTBstore/linecommander/.yarn/bin:/mnt/oneTBstore/linecommander/.config/yarn/global/node_modules/.bin:/mnt/oneTBstore/linecommander/.local/bin::/usr/local/sbin:/usr/local/bin:/usr/sbin:/usr/bin:/sbin:/bin:/usr/games:/usr/local/games:/snap/bin:/mnt/oneTBstore/linecommander/.dotnet/tools:/home/linecommander/.yarn/bin:/mnt/oneTBstore/linecommander/.rvm/bin:/mnt/oneTBstore/linecommander/.rvm/bin

Yarn version: 
  1.22.0

Node version: 
  12.13.1

Platform: 
  linux x64

Trace: 
  SyntaxError: /mnt/oneTBstore/linecommander/.NET/SunEngineDocs/2020-02-23/SunEngine.Docs/package.json: Unexpected token { in JSON at position 101
      at JSON.parse (<anonymous>)
      at /mnt/oneTBstore/linecommander/.yarn/lib/cli.js:1625:59
      at Generator.next (<anonymous>)
      at step (/mnt/oneTBstore/linecommander/.yarn/lib/cli.js:310:30)
      at /mnt/oneTBstore/linecommander/.yarn/lib/cli.js:321:13

npm manifest: 
  {
    "scripts": {
      "docs:dev": "vuepress dev docs",
      "docs:build": "vuepress build docs"
    }
  }
  
  {
    "scripts": {
      "dev": "vuepress dev docs",
      "build": "vuepress build docs"
    }
  }

yarn manifest: 
  No manifest

Lockfile: 
  No lockfile
